# JRE version: OpenJDK Runtime Environment (17.0.6) (build 17.0.6+0-b2043.56-10027231)
# Java VM: OpenJDK 64-Bit Server VM (17.0.6+0-b2043.56-10027231, mixed mode, tiered, compressed oops, compressed class ptrs, g1 gc, windows-amd64)
GC Precious Log:
 CPUs: 16 total, 16 available
 Memory: 15713M
 Large Page Support: Disabled
 NUMA Support: Disabled
 Compressed Oops: Enabled (32-bit)
 Heap Region Size: 1M
 Heap Min Capacity: 8M
 Heap Initial Capacity: 246M
 Heap Max Capacity: 2G
 Pre-touch: Disabled
 Parallel Workers: 13
 Concurrent Workers: 3
 Concurrent Refinement Workers: 13
 Periodic GC: Disabled
Heap:
 garbage-first heap   total 268288K, used 131538K [0x0000000080000000, 0x0000000100000000)
  region size 1024K, 13 young (13312K), 13 survivors (13312K)
 Metaspace       used 108707K, committed 109568K, reserved 1146880K
  class space    used 14587K, committed 15040K, reserved 1048576K
GC Heap History (20 events):
Event: 7.378 GC heap after
{Heap after GC invocations=35 (full 0):
 garbage-first heap   total 215040K, used 90405K [0x0000000080000000, 0x0000000100000000)
  region size 1024K, 5 young (5120K), 5 survivors (5120K)
 Metaspace       used 94302K, committed 94912K, reserved 1130496K
  class space    used 12954K, committed 13248K, reserved 1048576K
}
Event: 8.059 GC heap before
{Heap before GC invocations=35 (full 0):
 garbage-first heap   total 215040K, used 169253K [0x0000000080000000, 0x0000000100000000)
  region size 1024K, 82 young (83968K), 5 survivors (5120K)
 Metaspace       used 99371K, committed 100096K, reserved 1138688K
  class space    used 13501K, committed 13824K, reserved 1048576K
}
Event: 8.063 GC heap after
{Heap after GC invocations=36 (full 0):
 garbage-first heap   total 215040K, used 95682K [0x0000000080000000, 0x0000000100000000)
  region size 1024K, 10 young (10240K), 10 survivors (10240K)
 Metaspace       used 99371K, committed 100096K, reserved 1138688K
  class space    used 13501K, committed 13824K, reserved 1048576K
}
Event: 11.891 GC heap before
{Heap before GC invocations=36 (full 0):
 garbage-first heap   total 215040K, used 169410K [0x0000000080000000, 0x0000000100000000)
  region size 1024K, 83 young (84992K), 10 survivors (10240K)
 Metaspace       used 102297K, committed 103040K, reserved 1138688K
  class space    used 13876K, committed 14272K, reserved 1048576K
}
Event: 11.896 GC heap after
{Heap after GC invocations=37 (full 0):
 garbage-first heap   total 215040K, used 100575K [0x0000000080000000, 0x0000000100000000)
  region size 1024K, 6 young (6144K), 6 survivors (6144K)
 Metaspace       used 102297K, committed 103040K, reserved 1138688K
  class space    used 13876K, committed 14272K, reserved 1048576K
}
Event: 12.451 GC heap before
{Heap before GC invocations=37 (full 0):
 garbage-first heap   total 215040K, used 173279K [0x0000000080000000, 0x0000000100000000)
  region size 1024K, 77 young (78848K), 6 survivors (6144K)
 Metaspace       used 104136K, committed 104896K, reserved 1146880K
  class space    used 14066K, committed 14400K, reserved 1048576K
}
Event: 12.457 GC heap after
{Heap after GC invocations=38 (full 0):
 garbage-first heap   total 215040K, used 109670K [0x0000000080000000, 0x0000000100000000)
  region size 1024K, 10 young (10240K), 10 survivors (10240K)
 Metaspace       used 104136K, committed 104896K, reserved 1146880K
  class space    used 14066K, committed 14400K, reserved 1048576K
}
Event: 12.885 GC heap before
{Heap before GC invocations=38 (full 0):
 garbage-first heap   total 215040K, used 172134K [0x0000000080000000, 0x0000000100000000)
  region size 1024K, 72 young (73728K), 10 survivors (10240K)
 Metaspace       used 104442K, committed 105216K, reserved 1146880K
  class space    used 14086K, committed 14464K, reserved 1048576K
}
Event: 12.891 GC heap after
{Heap after GC invocations=39 (full 0):
 garbage-first heap   total 215040K, used 115921K [0x0000000080000000, 0x0000000100000000)
  region size 1024K, 7 young (7168K), 7 survivors (7168K)
 Metaspace       used 104442K, committed 105216K, reserved 1146880K
  class space    used 14086K, committed 14464K, reserved 1048576K
}
Event: 13.181 GC heap before
{Heap before GC invocations=39 (full 0):
 garbage-first heap   total 215040K, used 174289K [0x0000000080000000, 0x0000000100000000)
  region size 1024K, 65 young (66560K), 7 survivors (7168K)
 Metaspace       used 105320K, committed 106112K, reserved 1146880K
  class space    used 14203K, committed 14528K, reserved 1048576K
}
Event: 13.188 GC heap after
{Heap after GC invocations=40 (full 0):
 garbage-first heap   total 215040K, used 124327K [0x0000000080000000, 0x0000000100000000)
  region size 1024K, 9 young (9216K), 9 survivors (9216K)
 Metaspace       used 105320K, committed 106112K, reserved 1146880K
  class space    used 14203K, committed 14528K, reserved 1048576K
}
Event: 13.496 GC heap before
{Heap before GC invocations=40 (full 0):
 garbage-first heap   total 215040K, used 176551K [0x0000000080000000, 0x0000000100000000)
  region size 1024K, 59 young (60416K), 9 survivors (9216K)
 Metaspace       used 105792K, committed 106496K, reserved 1146880K
  class space    used 14270K, committed 14592K, reserved 1048576K
}
Event: 13.501 GC heap after
{Heap after GC invocations=41 (full 0):
 garbage-first heap   total 215040K, used 123020K [0x0000000080000000, 0x0000000100000000)
  region size 1024K, 2 young (2048K), 2 survivors (2048K)
 Metaspace       used 105792K, committed 106496K, reserved 1146880K
  class space    used 14270K, committed 14592K, reserved 1048576K
}
Event: 14.970 GC heap before
{Heap before GC invocations=41 (full 0):
 garbage-first heap   total 215040K, used 153740K [0x0000000080000000, 0x0000000100000000)
  region size 1024K, 16 young (16384K), 2 survivors (2048K)
 Metaspace       used 107392K, committed 108224K, reserved 1146880K
  class space    used 14470K, committed 14848K, reserved 1048576K
}
Event: 14.973 GC heap after
{Heap after GC invocations=42 (full 0):
 garbage-first heap   total 215040K, used 141177K [0x0000000080000000, 0x0000000100000000)
  region size 1024K, 3 young (3072K), 3 survivors (3072K)
 Metaspace       used 107392K, committed 108224K, reserved 1146880K
  class space    used 14470K, committed 14848K, reserved 1048576K
}
Event: 25.426 GC heap before
{Heap before GC invocations=43 (full 0):
 garbage-first heap   total 268288K, used 211833K [0x0000000080000000, 0x0000000100000000)
  region size 1024K, 43 young (44032K), 3 survivors (3072K)
 Metaspace       used 107997K, committed 108864K, reserved 1146880K
  class space    used 14548K, committed 14976K, reserved 1048576K
}
Event: 25.429 GC heap after
{Heap after GC invocations=44 (full 0):
 garbage-first heap   total 268288K, used 124776K [0x0000000080000000, 0x0000000100000000)
  region size 1024K, 4 young (4096K), 4 survivors (4096K)
 Metaspace       used 107997K, committed 108864K, reserved 1146880K
  class space    used 14548K, committed 14976K, reserved 1048576K
}
Event: 25.501 GC heap before
{Heap before GC invocations=44 (full 0):
 garbage-first heap   total 268288K, used 133992K [0x0000000080000000, 0x0000000100000000)
  region size 1024K, 13 young (13312K), 4 survivors (4096K)
 Metaspace       used 108079K, committed 108928K, reserved 1146880K
  class space    used 14550K, committed 14976K, reserved 1048576K
}
Event: 25.506 GC heap after
{Heap after GC invocations=45 (full 0):
 garbage-first heap   total 268288K, used 119412K [0x0000000080000000, 0x0000000100000000)
  region size 1024K, 2 young (2048K), 2 survivors (2048K)
 Metaspace       used 108079K, committed 108928K, reserved 1146880K
  class space    used 14550K, committed 14976K, reserved 1048576K
}
Event: 127.528 GC heap before
{Heap before GC invocations=45 (full 0):
 garbage-first heap   total 268288K, used 218740K [0x0000000080000000, 0x0000000100000000)
  region size 1024K, 100 young (102400K), 2 survivors (2048K)
 Metaspace       used 108707K, committed 109568K, reserved 1146880K
  class space    used 14587K, committed 15040K, reserved 1048576K
}

